<?xml version="1.0" encoding="UTF-8"?>
<!-- Generated by org.testng.reporters.JUnitXMLReporter -->
<testsuite ignored="0" hostname="bbbaafeecafddfddddfcdedafabeadfca-0" failures="2" tests="3" name="Test" time="10.715" errors="0" timestamp="2023-08-08T14:38:47 UTC">
  <testcase classname="ai.iamneo.testing.Testing_Selenium_TestNg.AppTest" name="testcase_1" time="3.542"/>
  <testcase classname="ai.iamneo.testing.Testing_Selenium_TestNg.AppTest" name="testcase_2" time="3.398">
    <failure type="org.openqa.selenium.WebDriverException" message="unknown error: session deleted because of page crash
from unknown error: cannot determine loading status
from tab crashed
  (Session info: chrome=114.0.5735.133)
Build info: version: &amp;apos;4.1.0&amp;apos;, revision: &amp;apos;87802e897b&amp;apos;
System info: host: &amp;apos;bbbaafeecafddfddddfcdedafabeadfca-0&amp;apos;, ip: &amp;apos;10.56.14.11&amp;apos;, os.name: &amp;apos;Linux&amp;apos;, os.arch: &amp;apos;amd64&amp;apos;, os.version: &amp;apos;5.10.162+&amp;apos;, java.version: &amp;apos;11.0.18&amp;apos;
Driver info: org.openqa.selenium.remote.RemoteWebDriver
Command: [6ca3cab12b0eb6b71a4889acbfa4e7b4, clickElement {id=A7FD28FECDE10D734D6874A2A552DCAC_element_67}]
Capabilities {acceptInsecureCerts: false, browserName: chrome, browserVersion: 114.0.5735.133, chrome: {chromedriverVersion: 114.0.5735.90 (386bc09e8f4f..., userDataDir: /tmp/.com.google.Chrome.ekO34j}, goog:chromeOptions: {debuggerAddress: localhost:42779}, javascriptEnabled: true, networkConnectionEnabled: false, pageLoadStrategy: normal, platform: LINUX, platformName: LINUX, proxy: Proxy(), se:bidiEnabled: false, se:cdp: ws://10.56.14.11:4444/sessi..., se:cdpVersion: 114.0.5735.133, se:vnc: ws://10.56.14.11:4444/sessi..., se:vncEnabled: true, se:vncLocalAddress: ws://10.56.14.11:7900, setWindowRect: true, strictFileInteractability: false, timeouts: {implicit: 0, pageLoad: 300000, script: 30000}, unhandledPromptBehavior: dismiss and notify, webauthn:extension:credBlob: true, webauthn:extension:largeBlob: true, webauthn:extension:minPinLength: true, webauthn:extension:prf: true, webauthn:virtualAuthenticators: true}
Element: [[RemoteWebDriver: chrome on LINUX (6ca3cab12b0eb6b71a4889acbfa4e7b4)] -&amp;gt; xpath: //*[@id=&amp;quot;gh-btn&amp;quot;]]
Session ID: 6ca3cab12b0eb6b71a4889acbfa4e7b4">
      <![CDATA[org.openqa.selenium.WebDriverException: unknown error: session deleted because of page crash
from unknown error: cannot determine loading status
from tab crashed
  (Session info: chrome=114.0.5735.133)
Build info: version: '4.1.0', revision: '87802e897b'
System info: host: 'bbbaafeecafddfddddfcdedafabeadfca-0', ip: '10.56.14.11', os.name: 'Linux', os.arch: 'amd64', os.version: '5.10.162+', java.version: '11.0.18'
Driver info: org.openqa.selenium.remote.RemoteWebDriver
Command: [6ca3cab12b0eb6b71a4889acbfa4e7b4, clickElement {id=A7FD28FECDE10D734D6874A2A552DCAC_element_67}]
Capabilities {acceptInsecureCerts: false, browserName: chrome, browserVersion: 114.0.5735.133, chrome: {chromedriverVersion: 114.0.5735.90 (386bc09e8f4f..., userDataDir: /tmp/.com.google.Chrome.ekO34j}, goog:chromeOptions: {debuggerAddress: localhost:42779}, javascriptEnabled: true, networkConnectionEnabled: false, pageLoadStrategy: normal, platform: LINUX, platformName: LINUX, proxy: Proxy(), se:bidiEnabled: false, se:cdp: ws://10.56.14.11:4444/sessi..., se:cdpVersion: 114.0.5735.133, se:vnc: ws://10.56.14.11:4444/sessi..., se:vncEnabled: true, se:vncLocalAddress: ws://10.56.14.11:7900, setWindowRect: true, strictFileInteractability: false, timeouts: {implicit: 0, pageLoad: 300000, script: 30000}, unhandledPromptBehavior: dismiss and notify, webauthn:extension:credBlob: true, webauthn:extension:largeBlob: true, webauthn:extension:minPinLength: true, webauthn:extension:prf: true, webauthn:virtualAuthenticators: true}
Element: [[RemoteWebDriver: chrome on LINUX (6ca3cab12b0eb6b71a4889acbfa4e7b4)] -> xpath: //*[@id="gh-btn"]]
Session ID: 6ca3cab12b0eb6b71a4889acbfa4e7b4
at org.openqa.selenium.remote.codec.w3c.W3CHttpResponseCodec.createException(W3CHttpResponseCodec.java:200)
at org.openqa.selenium.remote.codec.w3c.W3CHttpResponseCodec.decode(W3CHttpResponseCodec.java:133)
at org.openqa.selenium.remote.codec.w3c.W3CHttpResponseCodec.decode(W3CHttpResponseCodec.java:53)
at org.openqa.selenium.remote.HttpCommandExecutor.execute(HttpCommandExecutor.java:184)
at org.openqa.selenium.remote.TracedCommandExecutor.execute(TracedCommandExecutor.java:50)
at org.openqa.selenium.remote.RemoteWebDriver.execute(RemoteWebDriver.java:559)
at org.openqa.selenium.remote.RemoteWebElement.execute(RemoteWebElement.java:251)
at org.openqa.selenium.remote.RemoteWebElement.click(RemoteWebElement.java:77)
at ai.iamneo.testing.Testing_Selenium_TestNg.AppTest.testcase_2(AppTest.java:39)
at java.base/java.util.ArrayList.forEach(ArrayList.java:1541)
... Removed 35 stack frames]]>
    </failure>
  </testcase> <!-- testcase_2 -->
  <testcase classname="ai.iamneo.testing.Testing_Selenium_TestNg.AppTest" name="testcase_3" time="0.092">
    <failure type="org.openqa.selenium.NoSuchSessionException" message="invalid session id
Build info: version: &amp;apos;4.1.0&amp;apos;, revision: &amp;apos;87802e897b&amp;apos;
System info: host: &amp;apos;bbbaafeecafddfddddfcdedafabeadfca-0&amp;apos;, ip: &amp;apos;10.56.14.11&amp;apos;, os.name: &amp;apos;Linux&amp;apos;, os.arch: &amp;apos;amd64&amp;apos;, os.version: &amp;apos;5.10.162+&amp;apos;, java.version: &amp;apos;11.0.18&amp;apos;
Driver info: org.openqa.selenium.remote.RemoteWebDriver
Command: [6ca3cab12b0eb6b71a4889acbfa4e7b4, findElement {using=xpath, value=//*[@id=&amp;quot;item269e8867c5&amp;quot;]/div/div[2]/a/div}]
Capabilities {acceptInsecureCerts: false, browserName: chrome, browserVersion: 114.0.5735.133, chrome: {chromedriverVersion: 114.0.5735.90 (386bc09e8f4f..., userDataDir: /tmp/.com.google.Chrome.ekO34j}, goog:chromeOptions: {debuggerAddress: localhost:42779}, javascriptEnabled: true, networkConnectionEnabled: false, pageLoadStrategy: normal, platform: LINUX, platformName: LINUX, proxy: Proxy(), se:bidiEnabled: false, se:cdp: ws://10.56.14.11:4444/sessi..., se:cdpVersion: 114.0.5735.133, se:vnc: ws://10.56.14.11:4444/sessi..., se:vncEnabled: true, se:vncLocalAddress: ws://10.56.14.11:7900, setWindowRect: true, strictFileInteractability: false, timeouts: {implicit: 0, pageLoad: 300000, script: 30000}, unhandledPromptBehavior: dismiss and notify, webauthn:extension:credBlob: true, webauthn:extension:largeBlob: true, webauthn:extension:minPinLength: true, webauthn:extension:prf: true, webauthn:virtualAuthenticators: true}
Session ID: 6ca3cab12b0eb6b71a4889acbfa4e7b4">
      <![CDATA[org.openqa.selenium.NoSuchSessionException: invalid session id
Build info: version: '4.1.0', revision: '87802e897b'
System info: host: 'bbbaafeecafddfddddfcdedafabeadfca-0', ip: '10.56.14.11', os.name: 'Linux', os.arch: 'amd64', os.version: '5.10.162+', java.version: '11.0.18'
Driver info: org.openqa.selenium.remote.RemoteWebDriver
Command: [6ca3cab12b0eb6b71a4889acbfa4e7b4, findElement {using=xpath, value=//*[@id="item269e8867c5"]/div/div[2]/a/div}]
Capabilities {acceptInsecureCerts: false, browserName: chrome, browserVersion: 114.0.5735.133, chrome: {chromedriverVersion: 114.0.5735.90 (386bc09e8f4f..., userDataDir: /tmp/.com.google.Chrome.ekO34j}, goog:chromeOptions: {debuggerAddress: localhost:42779}, javascriptEnabled: true, networkConnectionEnabled: false, pageLoadStrategy: normal, platform: LINUX, platformName: LINUX, proxy: Proxy(), se:bidiEnabled: false, se:cdp: ws://10.56.14.11:4444/sessi..., se:cdpVersion: 114.0.5735.133, se:vnc: ws://10.56.14.11:4444/sessi..., se:vncEnabled: true, se:vncLocalAddress: ws://10.56.14.11:7900, setWindowRect: true, strictFileInteractability: false, timeouts: {implicit: 0, pageLoad: 300000, script: 30000}, unhandledPromptBehavior: dismiss and notify, webauthn:extension:credBlob: true, webauthn:extension:largeBlob: true, webauthn:extension:minPinLength: true, webauthn:extension:prf: true, webauthn:virtualAuthenticators: true}
Session ID: 6ca3cab12b0eb6b71a4889acbfa4e7b4
at org.openqa.selenium.remote.codec.w3c.W3CHttpResponseCodec.createException(W3CHttpResponseCodec.java:200)
at org.openqa.selenium.remote.codec.w3c.W3CHttpResponseCodec.decode(W3CHttpResponseCodec.java:133)
at org.openqa.selenium.remote.codec.w3c.W3CHttpResponseCodec.decode(W3CHttpResponseCodec.java:53)
at org.openqa.selenium.remote.HttpCommandExecutor.execute(HttpCommandExecutor.java:184)
at org.openqa.selenium.remote.TracedCommandExecutor.execute(TracedCommandExecutor.java:50)
at org.openqa.selenium.remote.RemoteWebDriver.execute(RemoteWebDriver.java:559)
at org.openqa.selenium.remote.ElementLocation$ElementFinder$2.findElement(ElementLocation.java:162)
at org.openqa.selenium.remote.ElementLocation.findElement(ElementLocation.java:60)
at org.openqa.selenium.remote.RemoteWebDriver.findElement(RemoteWebDriver.java:383)
at org.openqa.selenium.remote.RemoteWebDriver.findElement(RemoteWebDriver.java:375)
at ai.iamneo.testing.Testing_Selenium_TestNg.AppTest.testcase_3(AppTest.java:53)
at java.base/java.util.ArrayList.forEach(ArrayList.java:1541)
... Removed 35 stack frames]]>
    </failure>
  </testcase> <!-- testcase_3 -->
</testsuite> <!-- Test -->
